<?xml version="1.0" encoding="UTF-8"?>
<testng-results ignored="0" total="1" passed="1" failed="0" skipped="0">
  <reporter-output>
    <line>
      <![CDATA[Setting up Suite]]>
    </line>
  </reporter-output>
  <suite started-at="2019-12-18T15:51:16Z" name="Default suite" finished-at="2019-12-18T15:51:37Z" duration-ms="21498">
    <groups>
    </groups>
    <test started-at="2019-12-18T15:51:16Z" name="Default test" finished-at="2019-12-18T15:51:37Z" duration-ms="21498">
      <class name="com.learnautomation.testcases.LoginCRM">
        <test-method is-config="true" signature="setUpSuite()[pri:0, instance:com.learnautomation.testcases.LoginCRM@4988d8b8]" started-at="2019-12-18T21:21:15Z" name="setUpSuite" finished-at="2019-12-18T21:21:16Z" duration-ms="807" status="PASS">
          <reporter-output>
            <line>
              <![CDATA[Setting up Suite]]>
            </line>
          </reporter-output>
        </test-method> <!-- setUpSuite -->
        <test-method is-config="true" signature="setUp()[pri:0, instance:com.learnautomation.testcases.LoginCRM@4988d8b8]" started-at="2019-12-18T21:21:16Z" name="setUp" finished-at="2019-12-18T21:21:31Z" duration-ms="15232" status="PASS">
          <reporter-output>
          </reporter-output>
        </test-method> <!-- setUp -->
        <test-method signature="loginApp()[pri:0, instance:com.learnautomation.testcases.LoginCRM@4988d8b8]" started-at="2019-12-18T21:21:31Z" name="loginApp" finished-at="2019-12-18T21:21:35Z" duration-ms="3635" status="PASS">
          <reporter-output>
          </reporter-output>
        </test-method> <!-- loginApp -->
        <test-method is-config="true" signature="tearDownMethod(org.testng.ITestResult)[pri:0, instance:com.learnautomation.testcases.LoginCRM@4988d8b8]" started-at="2019-12-18T21:21:35Z" name="tearDownMethod" finished-at="2019-12-18T21:21:35Z" duration-ms="804" status="PASS">
          <params>
            <param index="0">
              <value>
                <![CDATA[[TestResult name=loginApp status=SUCCESS method=LoginCRM.loginApp()[pri:0, instance:com.learnautomation.testcases.LoginCRM@4988d8b8] output={null}]]]>
              </value>
            </param>
          </params>
          <reporter-output>
          </reporter-output>
        </test-method> <!-- tearDownMethod -->
        <test-method is-config="true" signature="tearDown()[pri:0, instance:com.learnautomation.testcases.LoginCRM@4988d8b8]" started-at="2019-12-18T21:21:35Z" name="tearDown" finished-at="2019-12-18T21:21:37Z" duration-ms="1798" status="PASS">
          <reporter-output>
          </reporter-output>
        </test-method> <!-- tearDown -->
      </class> <!-- com.learnautomation.testcases.LoginCRM -->
    </test> <!-- Default test -->
  </suite> <!-- Default suite -->
</testng-results>
